07-15-2020 0:00:12 - Quote of Day 2 for Joonho sent!
http://ez-hub.club/quote/Friend/51331153-life-quote-inspirational-quote-on-vintage-paper-background-motivational-background-.jpg07-16-2020 0:00:10 - Quote of Day 3 for Joonho sent!
http://ez-hub.club/quote/Love/When-you-wake-up-quote-by-byequotes.jpg07-17-2020 0:00:10 - Quote of Day 4 for Joonho sent!
http://ez-hub.club/quote/Peace/ef26fde0686f885afba31d568fbdfa27--happy-thoughts-quotes-happy-life-quotes.jpg07-18-2020 0:00:10 - Quote of Day 5 for Joonho sent!
http://ez-hub.club/quote/Change/people-change-quote-16.jpg07-19-2020 0:00:11 - Quote of Day 6 for Joonho sent!
http://ez-hub.club/quote/Mind/c3a23993c9160a6de796b654784735e8--weheartit-elsa-frozen.jpg07-20-2020 0:00:10 - Quote of Day 7 for Joonho sent!
http://ez-hub.club/quote/Change/people-change-quotes-2-1.jpg07-21-2020 0:00:09 - Quote of Day 8 for Joonho sent!
http://ez-hub.club/quote/Friend/07bc72c88a18137b66bfe90c57aeb329.jpg07-21-2020 10:33:07 - Quote of Day 1 for Hyung sent!
http://ez-hub.club/quote/Life/fd98ea2e56ab474ad5c815886d16a069.jpg07-21-2020 17:00:08 - Quote of Day 1 for Hawazin sent!
http://ez-hub.club/quote/Time/time-quotes-the-two-most-powerful-warriors-are-patience-and-time-leo-tolstoy-wisdom-quotes.jpg07-22-2020 0:00:09 - Quote of Day 9 for Joonho sent!
http://ez-hub.club/quote/Time/time-quotes-the-more-you-know-yourself-the-more-your-understand-life-the-more-you-value-your-time-maxime-lagace-wisdom-quotes.jpg07-22-2020 9:00:09 - Quote of Day 2 for Hyung sent!
http://ez-hub.club/quote/Peace/07a2c04f342cab2a7aba1cfc17972d6d--motorcycle-quotes-trust-quotes.jpg07-22-2020 14:00:08 - Quote of Day 2 for Hawazin sent!
http://ez-hub.club/quote/Time/time-quotes-the-future-has-a-way-of-arriving-unannounced-george-f-will-wisdom-quotes.jpg07-23-2020 0:00:09 - Quote of Day 10 for Joonho sent!
http://ez-hub.club/quote/Mind/07773ed64ce277989bb67391d9eb21dc.jpg07-23-2020 9:00:09 - Quote of Day 3 for Hyung sent!
http://ez-hub.club/quote/Moderation/07-23-2020 14:00:12 - Quote of Day 3 for Hawazin sent!
http://ez-hub.club/quote/Inspiration/5696efb8900f65921a4fbb7a154c6ddc--hard-quotes-best-quotes.jpg07-24-2020 0:00:08 - Quote of Day 11 for Joonho sent!
http://ez-hub.club/quote/Moderation/07-24-2020 9:00:10 - Quote of Day 4 for Hyung sent!
http://ez-hub.club/quote/Friend/07bc72c88a18137b66bfe90c57aeb329.jpg07-24-2020 14:00:10 - Quote of Day 4 for Hawazin sent!
http://ez-hub.club/quote/Inspiration/adffa7656e79ef294b7f67e4e1b101c7--most-inspiring-quotes-simple-quotes.jpg07-25-2020 0:00:08 - Quote of Day 12 for Joonho sent!
http://ez-hub.club/quote/Mind/838f774d7abe62ae282488f9bf6b7edc--disney-pics-disney-quotes.jpg07-25-2020 9:00:09 - Quote of Day 5 for Hyung sent!
http://ez-hub.club/quote/Inspiration/5696efb8900f65921a4fbb7a154c6ddc--hard-quotes-best-quotes.jpg07-25-2020 14:00:09 - Quote of Day 5 for Hawazin sent!
http://ez-hub.club/quote/Peace/244e34acf5333cc1ac8673959c997630.jpg07-26-2020 0:00:09 - Quote of Day 13 for Joonho sent!
http://ez-hub.club/quote/Time/4-1.png07-26-2020 9:00:08 - Quote of Day 6 for Hyung sent!
http://ez-hub.club/quote/Love/7ae3e3f02b71475bdeb1ee6d7983e512.jpg07-26-2020 14:00:11 - Quote of Day 6 for Hawazin sent!
http://ez-hub.club/quote/Peace/finding-inner-peace-quote-3-picture-quote-1.jpg07-27-2020 0:00:09 - Quote of Day 14 for Joonho sent!
http://ez-hub.club/quote/Peace/c2e58365ff44cdb0e25532fc75d3754e--english-quotes-english-language.jpg07-27-2020 9:00:09 - Quote of Day 7 for Hyung sent!
http://ez-hub.club/quote/Life/Life-Quotes-7-1024x1024.jpg07-27-2020 14:00:08 - Quote of Day 7 for Hawazin sent!
http://ez-hub.club/quote/Change/people-change-quote-16.jpg07-28-2020 0:00:09 - Quote of Day 15 for Joonho sent!
http://ez-hub.club/quote/Dream/7-1589914360.png07-28-2020 9:00:08 - Quote of Day 8 for Hyung sent!
http://ez-hub.club/quote/Love/It-is-better-to-have-loved-quote.jpg07-28-2020 12:00:10 - Quote of Day 2 for Kat. sent!
http://ez-hub.club/quote/Life/Life-Quotes-13-1024x1024.jpg07-28-2020 14:00:12 - Quote of Day 8 for Hawazin sent!
http://ez-hub.club/quote/Life/1.PNG07-29-2020 0:00:08 - Quote of Day 16 for Joonho sent!
http://ez-hub.club/quote/Love/It-is-difficult-to-know-quote.jpg07-29-2020 9:00:09 - Quote of Day 9 for Hyung sent!
http://ez-hub.club/quote/Friend/Sweet-xoxo-hugs-and-kisses-message-for-friends.jpg.107-29-2020 12:00:11 - Quote of Day 3 for Kat. sent!
http://ez-hub.club/quote/Life/Life-Quotes-10-1024x1024.jpg07-29-2020 14:00:09 - Quote of Day 9 for Hawazin sent!
http://ez-hub.club/quote/Time/time-quotes-a-man-who-dares-to-waste-one-hour-of-time-has-not-discovered-the-value-of-life-charles-darwin-wisdom-quotes.jpg07-30-2020 0:00:09 - Quote of Day 17 for Joonho sent!
http://ez-hub.club/quote/Life/Life-Quotes-8-1024x1024.jpg07-30-2020 9:00:10 - Quote of Day 10 for Hyung sent!
http://ez-hub.club/quote/Change/people-change-quotes-9-1.jpg07-30-2020 12:00:18 - Quote of Day 4 for Kat. sent!
http://ez-hub.club/quote/Peace/244e34acf5333cc1ac8673959c997630.jpg07-30-2020 14:00:12 - Quote of Day 10 for Hawazin sent!
http://ez-hub.club/quote/Mind/aadf1f6f4c09f2064e0611a0caf94b53--disney-songs-disney-stuff.jpg07-31-2020 0:00:08 - Quote of Day 18 for Joonho sent!
http://ez-hub.club/quote/Moderation/Fortify-yourself-with-moderation-for__quotes-by-Epictetus-16.png07-31-2020 9:00:12 - Quote of Day 11 for Hyung sent!
http://ez-hub.club/quote/Time/2-2.png07-31-2020 12:00:07 - Quote of Day 5 for Kat. sent!
http://ez-hub.club/quote/Change/people-change-quotes-2-1.jpg07-31-2020 14:00:08 - Quote of Day 11 for Hawazin sent!
http://ez-hub.club/quote/Love/True-love-stories-quote.jpg08-01-2020 0:00:08 - Quote of Day 19 for Joonho sent!
http://ez-hub.club/quote/Moderation/Everything-that-exceeds-the-bounds__quotes-by-Seneca-85.png08-01-2020 9:00:08 - Quote of Day 12 for Hyung sent!
http://ez-hub.club/quote/Peace/e897bb4892546d8100070b2d515564f4.jpg08-01-2020 12:00:08 - Quote of Day 6 for Kat. sent!
http://ez-hub.club/quote/Time/time-quotes-time-you-enjoy-wasting-is-not-wasted-time-marthe-troly-curtin-wisdom-quotes.jpg08-01-2020 14:00:09 - Quote of Day 12 for Hawazin sent!
http://ez-hub.club/quote/Life/Life-Quotes-3-1024x1024.jpg08-02-2020 0:00:07 - Quote of Day 20 for Joonho sent!
http://ez-hub.club/quote/Dream/dream-quote-1.jpg08-02-2020 9:00:18 - Quote of Day 13 for Hyung sent!
http://ez-hub.club/quote/Love/7ae3e3f02b71475bdeb1ee6d7983e512.jpg08-02-2020 12:00:09 - Quote of Day 7 for Kat. sent!
http://ez-hub.club/quote/Mind/c3a23993c9160a6de796b654784735e8--weheartit-elsa-frozen.jpg08-02-2020 14:00:09 - Quote of Day 13 for Hawazin sent!
http://ez-hub.club/quote/Love/If-you-can-make-a-woman-quote.jpg08-03-2020 0:00:08 - Quote of Day 21 for Joonho sent!
http://ez-hub.club/quote/Time/time-quotes-whether-its-the-best-of-times-of-the-worst-of-times-its-the-only-time-we-ve-got-art-buchwald-wisdom-quotes.jpg08-03-2020 9:00:08 - Quote of Day 14 for Hyung sent!
http://ez-hub.club/quote/Moderation/everything-in-moderation-with-occasional-excess-quote-1.jpg08-03-2020 12:00:12 - Quote of Day 8 for Kat. sent!
http://ez-hub.club/quote/Change/people-change-quotes-8-1.jpg08-03-2020 14:00:08 - Quote of Day 14 for Hawazin sent!
Quote for Joonho not started or finished! 
Day # is 22 
http://ez-hub.club/quote/Change/people-change-quotes-2-1.jpg08-04-2020 9:00:20 - Quote of Day 15 for Hyung sent!
http://ez-hub.club/quote/Inspiration/d7358a1e2c5572d91e95004d60e0d287.jpg08-04-2020 12:00:08 - Quote of Day 9 for Kat. sent!
http://ez-hub.club/quote/Mind/aadf1f6f4c09f2064e0611a0caf94b53--disney-songs-disney-stuff.jpg08-04-2020 14:00:09 - Quote of Day 15 for Hawazin sent!
Quote for Joonho not started or finished! 
Day # is 23 
http://ez-hub.club/quote/Change/people-change-quotes-2-1.jpg08-05-2020 9:00:07 - Quote of Day 16 for Hyung sent!
http://ez-hub.club/quote/Love/It-is-difficult-to-know-quote.jpg08-05-2020 12:00:10 - Quote of Day 10 for Kat. sent!
http://ez-hub.club/quote/Change/people-change-quotes-1-1.jpg08-05-2020 14:00:11 - Quote of Day 16 for Hawazin sent!
Quote for Joonho not started or finished! 
Day # is 24 
http://ez-hub.club/quote/Love/Love-all-trust-a-few-quotes.jpg08-06-2020 9:00:10 - Quote of Day 17 for Hyung sent!
http://ez-hub.club/quote/Change/1000946194.jpg08-06-2020 12:00:10 - Quote of Day 11 for Kat. sent!
http://ez-hub.club/quote/Mind/af6880fadf28f6a88b6186cf8a7fc9fa.jpg08-06-2020 14:00:08 - Quote of Day 17 for Hawazin sent!
Quote for Joonho not started or finished! 
Day # is 25 
http://ez-hub.club/quote/Change/people-change-quotes-2-1.jpg08-07-2020 9:00:09 - Quote of Day 18 for Hyung sent!
http://ez-hub.club/quote/Life/Life-Quotes-1-1024x1024.jpg08-07-2020 12:00:09 - Quote of Day 12 for Kat. sent!
http://ez-hub.club/quote/Mind/838f774d7abe62ae282488f9bf6b7edc--disney-pics-disney-quotes.jpg08-07-2020 14:00:07 - Quote of Day 18 for Hawazin sent!
Quote for Joonho not started or finished! 
Day # is 26 
http://ez-hub.club/quote/Friend/07bc72c88a18137b66bfe90c57aeb329.jpg08-08-2020 9:00:08 - Quote of Day 19 for Hyung sent!
http://ez-hub.club/quote/Inspiration/5696efb8900f65921a4fbb7a154c6ddc--hard-quotes-best-quotes.jpg08-08-2020 12:00:08 - Quote of Day 13 for Kat. sent!
http://ez-hub.club/quote/Change/people-change-quotes-8-1.jpg08-08-2020 14:00:09 - Quote of Day 19 for Hawazin sent!
Quote for Joonho not started or finished! 
Day # is 27 
http://ez-hub.club/quote/Love/7ae3e3f02b71475bdeb1ee6d7983e512.jpg08-09-2020 9:00:10 - Quote of Day 20 for Hyung sent!
http://ez-hub.club/quote/Friend/Sweet-xoxo-hugs-and-kisses-message-for-friends.jpg08-09-2020 12:00:09 - Quote of Day 14 for Kat. sent!
http://ez-hub.club/quote/Love/If-you-love-life-quote.jpg08-09-2020 14:00:08 - Quote of Day 20 for Hawazin sent!
Quote for Joonho not started or finished! 
Day # is 28 
http://ez-hub.club/quote/Friend/a-sweet-friendship-refreshes-the-soul-proverbs27-quote-min.jpg08-10-2020 9:00:09 - Quote of Day 21 for Hyung sent!
http://ez-hub.club/quote/Dream/73183456-dont-call-a-dream-call-it-a-plan-motivation-quote-about-planning-and-dreams-.jpg08-10-2020 12:00:10 - Quote of Day 15 for Kat. sent!
http://ez-hub.club/quote/Moderation/i-believe-in-two-concepts-everything-in-moderation-and-break-a-sweat-every-day-quote-1.jpg08-10-2020 14:00:08 - Quote of Day 21 for Hawazin sent!
Quote for Joonho not started or finished! 
Day # is 29 
Quote for Hyung not started or finished! 
Day # is 22 
http://ez-hub.club/quote/Dream/3-1589914360.png08-11-2020 12:00:09 - Quote of Day 16 for Kat. sent!
Quote for Hawazin not started or finished! 
Day # is 22 
Quote for Joonho not started or finished! 
Day # is 30 
Quote for Hyung not started or finished! 
Day # is 23 
http://ez-hub.club/quote/Peace/07a2c04f342cab2a7aba1cfc17972d6d--motorcycle-quotes-trust-quotes.jpg08-12-2020 12:00:09 - Quote of Day 17 for Kat. sent!
Quote for Hawazin not started or finished! 
Day # is 23 
Quote for Joonho not started or finished! 
Day # is 31 
Quote for Hyung not started or finished! 
Day # is 24 
http://ez-hub.club/quote/Moderation/quote-all-things-in-moderation-including-moderation-socrates-84-42-20.jpg08-13-2020 12:00:08 - Quote of Day 18 for Kat. sent!
Quote for Hawazin not started or finished! 
Day # is 24 
Quote for Joonho not started or finished! 
Day # is 32 
Quote for Hyung not started or finished! 
Day # is 25 
http://ez-hub.club/quote/Peace/07a2c04f342cab2a7aba1cfc17972d6d--motorcycle-quotes-trust-quotes.jpg08-14-2020 12:00:09 - Quote of Day 19 for Kat. sent!
Quote for Hawazin not started or finished! 
Day # is 25 
Quote for Joonho not started or finished! 
Day # is 33 
Quote for Hyung not started or finished! 
Day # is 26 
http://ez-hub.club/quote/Moderation/Everything-that-exceeds-the-bounds__quotes-by-Seneca-85.png08-15-2020 12:00:10 - Quote of Day 20 for Kat. sent!
Quote for Hawazin not started or finished! 
Day # is 26 
Quote for Joonho not started or finished! 
Day # is 34 
Quote for Hyung not started or finished! 
Day # is 27 
http://ez-hub.club/quote/Inspiration/5696efb8900f65921a4fbb7a154c6ddc--hard-quotes-best-quotes.jpg08-16-2020 12:00:09 - Quote of Day 21 for Kat. sent!
Quote for Hawazin not started or finished! 
Day # is 27 
Quote for Joonho not started or finished! 
Day # is 35 
Quote for Hyung not started or finished! 
Day # is 28 
Quote for Kat. not started or finished! 
Day # is 22 
Quote for Hawazin not started or finished! 
Day # is 28 
Quote for Joonho not started or finished! 
Day # is 36 
Quote for Hyung not started or finished! 
Day # is 29 
Quote for Kat. not started or finished! 
Day # is 23 
Quote for Hawazin not started or finished! 
Day # is 29 
Quote for Joonho not started or finished! 
Day # is 37 
Quote for Hyung not started or finished! 
Day # is 30 
Quote for Kat. not started or finished! 
Day # is 24 
Quote for Hawazin not started or finished! 
Day # is 30 
Quote for Joonho not started or finished! 
Day # is 38 
Quote for Hyung not started or finished! 
Day # is 31 
Quote for Kat. not started or finished! 
Day # is 25 
Quote for Hawazin not started or finished! 
Day # is 31 
Quote for Joonho not started or finished! 
Day # is 39 
Quote for Hyung not started or finished! 
Day # is 32 
Quote for Kat. not started or finished! 
Day # is 26 
Quote for Hawazin not started or finished! 
Day # is 32 
Quote for Joonho not started or finished! 
Day # is 40 
Quote for Joonho not started or finished! 
Day # is 56 
Quote for Hyung not started or finished! 
Day # is 49 
http://ez-hub.club/quote/Peace/ef26fde0686f885afba31d568fbdfa27--happy-thoughts-quotes-happy-life-quotes.jpg09-07-2020 12:00:09 - Quote of Day 43 for Kat. sent!
http://ez-hub.club/quote/Peace/finding-inner-peace-quote-3-picture-quote-1.jpg09-07-2020 14:00:07 - Quote of Day 49 for Hawazin sent!
http://ez-hub.club/quote/Sona/20200907_140413.jpg09-08-2020 0:00:11 - Quote of Day 57 for Joonho sent!
http://ez-hub.club/quote/Time/time-quotes-enjoy-yourself-its-later-than-you-think-chinese-proverb-wisdom-quotes.jpg09-08-2020 9:00:11 - Quote of Day 50 for Hyung sent!
http://ez-hub.club/quote/Mind/fe8904c76bacacce5c4d1a88aafa29bd.png09-08-2020 12:00:08 - Quote of Day 44 for Kat. sent!
http://ez-hub.club/quote/Change/people-change-quotes-6-1.jpg09-08-2020 14:00:12 - Quote of Day 50 for Hawazin sent!
http://ez-hub.club/quote/Sona/20200907_133115.jpg09-09-2020 0:00:12 - Quote of Day 58 for Joonho sent!
http://ez-hub.club/quote/Time/time-quotes-time-flies-over-us-but-leaves-its-shadow-behind-nathaniel-hawthorne-wisdom-quotes.jpg09-09-2020 9:00:08 - Quote of Day 51 for Hyung sent!
http://ez-hub.club/quote/Inspiration/5696efb8900f65921a4fbb7a154c6ddc--hard-quotes-best-quotes.jpg09-09-2020 12:00:17 - Quote of Day 45 for Kat. sent!
http://ez-hub.club/quote/Moderation/everything-that-exceeds-the-bounds-of-moderation-has-an-unstable-foundation-quote-1.jpg09-09-2020 14:00:08 - Quote of Day 51 for Hawazin sent!
http://ez-hub.club/quote/Sona/2aa15cd886fd58f3eba6de73eee06418.jpg09-10-2020 0:00:10 - Quote of Day 59 for Joonho sent!
http://ez-hub.club/quote/Moderation/Everything-that-exceeds-the-bounds__quotes-by-Seneca-85.png09-10-2020 9:00:08 - Quote of Day 52 for Hyung sent!
http://ez-hub.club/quote/Friend/a6b6c744bac775d787f439b8afa667b4.jpg09-10-2020 12:00:09 - Quote of Day 46 for Kat. sent!
http://ez-hub.club/quote/Moderation/i-believe-that-everything-in-moderation-is-best-quote-1.jpg09-10-2020 14:00:08 - Quote of Day 52 for Hawazin sent!
http://ez-hub.club/quote/Sona/20200907_152011.png09-11-2020 0:00:08 - Quote of Day 60 for Joonho sent!
http://ez-hub.club/quote/Inspiration/5696efb8900f65921a4fbb7a154c6ddc--hard-quotes-best-quotes.jpg09-11-2020 9:00:10 - Quote of Day 53 for Hyung sent!
http://ez-hub.club/quote/Mind/1a35c1fb3f2907486c90303c8e1de045--brave-merida-be-brave.jpg09-11-2020 12:00:11 - Quote of Day 47 for Kat. sent!
http://ez-hub.club/quote/Change/people-change-quote-19.jpg09-11-2020 14:00:08 - Quote of Day 53 for Hawazin sent!
http://ez-hub.club/quote/Sona/20200907_152114.png09-12-2020 0:00:08 - Quote of Day 61 for Joonho sent!
http://ez-hub.club/quote/Mind/6750c7ab00f66042d351d1fd54f21325.jpg09-12-2020 9:00:09 - Quote of Day 54 for Hyung sent!
http://ez-hub.club/quote/Change/people-change-quote-19.jpg09-12-2020 12:00:09 - Quote of Day 48 for Kat. sent!
http://ez-hub.club/quote/Moderation/everything-in-moderation-with-occasional-excess-quote-1.jpg09-12-2020 14:00:09 - Quote of Day 54 for Hawazin sent!
http://ez-hub.club/quote/Sona/20200907_134250.jpg09-13-2020 0:00:08 - Quote of Day 62 for Joonho sent!
http://ez-hub.club/quote/Dream/3-1589914360.png09-13-2020 9:00:07 - Quote of Day 55 for Hyung sent!
http://ez-hub.club/quote/Peace/2b42546b1441b3afbc1c0e1e63227acf.jpg09-13-2020 12:00:08 - Quote of Day 49 for Kat. sent!
http://ez-hub.club/quote/Peace/ef26fde0686f885afba31d568fbdfa27--happy-thoughts-quotes-happy-life-quotes.jpg09-13-2020 14:00:07 - Quote of Day 55 for Hawazin sent!
http://ez-hub.club/quote/Sona/20200907_152343.png09-14-2020 0:00:08 - Quote of Day 63 for Joonho sent!
http://ez-hub.club/quote/Dream/7-1589914360.png09-14-2020 9:00:10 - Quote of Day 56 for Hyung sent!
http://ez-hub.club/quote/Time/2-2.png09-14-2020 12:00:10 - Quote of Day 50 for Kat. sent!
http://ez-hub.club/quote/Mind/e139759ff44bfbfa5baf32066b1abc39.jpg09-14-2020 14:00:09 - Quote of Day 56 for Hawazin sent!
http://ez-hub.club/quote/Sona/20200907_132530.jpg09-15-2020 0:00:12 - Quote of Day 64 for Joonho sent!
http://ez-hub.club/quote/Love/When-you-wake-up-quote-by-byequotes.jpg09-15-2020 9:00:08 - Quote of Day 57 for Hyung sent!
http://ez-hub.club/quote/Inspiration/5696efb8900f65921a4fbb7a154c6ddc--hard-quotes-best-quotes.jpg09-15-2020 12:00:08 - Quote of Day 51 for Kat. sent!
http://ez-hub.club/quote/Change/people-change-quote-19.jpg09-15-2020 14:00:08 - Quote of Day 57 for Hawazin sent!
http://ez-hub.club/quote/Sona/20200907_152114.png09-16-2020 0:00:07 - Quote of Day 65 for Joonho sent!
http://ez-hub.club/quote/Peace/07a2c04f342cab2a7aba1cfc17972d6d--motorcycle-quotes-trust-quotes.jpg09-16-2020 9:00:07 - Quote of Day 58 for Hyung sent!
http://ez-hub.club/quote/Moderation/Everything-that-exceeds-the-bounds__quotes-by-Seneca-85.png09-16-2020 12:00:08 - Quote of Day 52 for Kat. sent!
http://ez-hub.club/quote/Moderation/everything-in-moderation-with-occasional-excess-quote-1.jpg09-16-2020 14:00:07 - Quote of Day 58 for Hawazin sent!
http://ez-hub.club/quote/Sona/20200907_134328.jpg09-17-2020 0:00:08 - Quote of Day 66 for Joonho sent!
http://ez-hub.club/quote/Dream/1-1589914360.png09-17-2020 9:00:08 - Quote of Day 59 for Hyung sent!
http://ez-hub.club/quote/Inspiration/d7358a1e2c5572d91e95004d60e0d287.jpg09-17-2020 12:00:09 - Quote of Day 53 for Kat. sent!
http://ez-hub.club/quote/Time/time-quotes-time-flies-over-us-but-leaves-its-shadow-behind-nathaniel-hawthorne-wisdom-quotes.jpg09-17-2020 14:00:08 - Quote of Day 59 for Hawazin sent!
http://ez-hub.club/quote/Sona/lagunitas-littlesimpin.png09-18-2020 0:00:09 - Quote of Day 67 for Joonho sent!
http://ez-hub.club/quote/Friend/gina-berreca-1561481686.png09-18-2020 9:00:13 - Quote of Day 60 for Hyung sent!
http://ez-hub.club/quote/Moderation/everything-that-exceeds-the-bounds-of-moderation-has-an-unstable-foundation-quote-1.jpg09-18-2020 12:00:11 - Quote of Day 54 for Kat. sent!
http://ez-hub.club/quote/Life/Life-Quotes-10-1024x1024.jpg09-18-2020 14:00:07 - Quote of Day 60 for Hawazin sent!
http://ez-hub.club/quote/Sona/20200907_152114.png09-19-2020 0:00:09 - Quote of Day 68 for Joonho sent!
http://ez-hub.club/quote/Inspiration/d7358a1e2c5572d91e95004d60e0d287.jpg09-19-2020 9:00:09 - Quote of Day 61 for Hyung sent!
http://ez-hub.club/quote/Peace/2b42546b1441b3afbc1c0e1e63227acf.jpg09-19-2020 12:00:10 - Quote of Day 55 for Kat. sent!
http://ez-hub.club/quote/Dream/7-1589914360.png09-19-2020 14:00:09 - Quote of Day 61 for Hawazin sent!
http://ez-hub.club/quote/Sona/20200907_140413.jpg09-20-2020 0:00:10 - Quote of Day 69 for Joonho sent!
http://ez-hub.club/quote/Mind/2eb402aa8d887dbaf5f855778997e4ce--frozen-disney-quotes-disney-frozen.jpg09-20-2020 9:00:09 - Quote of Day 62 for Hyung sent!
http://ez-hub.club/quote/Inspiration/d7358a1e2c5572d91e95004d60e0d287.jpg09-20-2020 12:00:09 - Quote of Day 56 for Kat. sent!
http://ez-hub.club/quote/Change/people-change-quotes-2-1.jpg09-20-2020 14:00:08 - Quote of Day 62 for Hawazin sent!
http://ez-hub.club/quote/Sona/quote-539989.jpg09-21-2020 0:00:08 - Quote of Day 70 for Joonho sent!
http://ez-hub.club/quote/Time/time-quotes-time-you-enjoy-wasting-is-not-wasted-time-marthe-troly-curtin-wisdom-quotes.jpg09-21-2020 9:00:08 - Quote of Day 63 for Hyung sent!
http://ez-hub.club/quote/Peace/finding-inner-peace-quote-3-picture-quote-1.jpg09-21-2020 12:00:08 - Quote of Day 57 for Kat. sent!
http://ez-hub.club/quote/Life/fd98ea2e56ab474ad5c815886d16a069.jpg09-21-2020 14:00:09 - Quote of Day 63 for Hawazin sent!
http://ez-hub.club/quote/Sona/55a9dadfcb9a8c7538fdee787fe516f6.jpg09-22-2020 0:00:08 - Quote of Day 71 for Joonho sent!
http://ez-hub.club/quote/Dream/3-1589914360.png09-22-2020 9:00:09 - Quote of Day 64 for Hyung sent!
http://ez-hub.club/quote/Time/time-quotes-the-two-most-powerful-warriors-are-patience-and-time-leo-tolstoy-wisdom-quotes.jpg09-22-2020 12:00:08 - Quote of Day 58 for Kat. sent!
http://ez-hub.club/quote/Time/2-2.png09-22-2020 14:00:08 - Quote of Day 64 for Hawazin sent!
http://ez-hub.club/quote/Sona/lagunitas-littlesimpin3.png09-23-2020 0:00:11 - Quote of Day 72 for Joonho sent!
http://ez-hub.club/quote/Change/people-change-quotes-5-1.jpg09-23-2020 9:00:07 - Quote of Day 65 for Hyung sent!
http://ez-hub.club/quote/Change/people-change-quote-11.jpg09-23-2020 12:00:10 - Quote of Day 59 for Kat. sent!
http://ez-hub.club/quote/Love/Love-all-trust-a-few-quotes.jpg09-23-2020 14:00:08 - Quote of Day 65 for Hawazin sent!
http://ez-hub.club/quote/Sona/20200907_141704.jpg09-24-2020 0:00:08 - Quote of Day 73 for Joonho sent!
http://ez-hub.club/quote/Life/16.PNG09-24-2020 9:00:19 - Quote of Day 66 for Hyung sent!
http://ez-hub.club/quote/Change/people-change-quotes-2-1.jpg09-24-2020 12:00:07 - Quote of Day 60 for Kat. sent!
http://ez-hub.club/quote/Moderation/quote-all-things-in-moderation-including-moderation-socrates-84-42-20.jpg09-24-2020 14:00:08 - Quote of Day 66 for Hawazin sent!
